<?xml version="1.0" encoding="UTF-8"?>
<!-- Generated by org.testng.reporters.JUnitXMLReporter -->
<testsuite ignored="2" hostname="Clarence-Lenovo" failures="0" tests="1" name="Default test" time="2.874" errors="0" timestamp="2022-12-21T21:33:53 SGT">
  <testcase classname="com.dvops.maven.eclipse.DVOPSTest" name="checkAddReview" time="0.718"/>
  <testcase classname="com.dvops.maven.eclipse.DVOPSTest" name="checkAboutUs" time="0.0">
    <ignored/>
  </testcase> <!-- checkAboutUs -->
  <testcase classname="com.dvops.maven.eclipse.DVOPSTest" name="checkSignUp" time="0.0">
    <ignored/>
  </testcase> <!-- checkSignUp -->
</testsuite> <!-- Default test -->
