<?xml version="1.0" encoding="UTF-8"?>
<!-- Generated by org.testng.reporters.JUnitXMLReporter -->
<testsuite ignored="0" hostname="Clarence-Lenovo" failures="0" tests="3" name="Default test" time="3.87" errors="0" timestamp="2022-12-21T21:46:31 SGT">
  <testcase classname="com.dvops.maven.eclipse.DVOPSTest" name="checkAboutUs" time="0.592"/>
  <testcase classname="com.dvops.maven.eclipse.DVOPSTest" name="checkAddReview" time="0.543"/>
  <testcase classname="com.dvops.maven.eclipse.DVOPSTest" name="checkSignUp" time="0.452"/>
</testsuite> <!-- Default test -->
