<?xml version="1.0" encoding="UTF-8"?>
<testng-results ignored="0" total="3" passed="3" failed="0" skipped="0">
  <reporter-output>
  </reporter-output>
  <suite started-at="2022-12-21T21:46:27 SGT" name="Default suite" finished-at="2022-12-21T21:46:31 SGT" duration-ms="3870">
    <groups>
    </groups>
    <test started-at="2022-12-21T21:46:27 SGT" name="Default test" finished-at="2022-12-21T21:46:31 SGT" duration-ms="3870">
      <class name="com.dvops.maven.eclipse.DVOPSTest">
        <test-method is-config="true" signature="beforeTest()[pri:0, instance:com.dvops.maven.eclipse.DVOPSTest@3cc1435c]" started-at="2022-12-21T21:46:27 SGT" name="beforeTest" finished-at="2022-12-21T21:46:29 SGT" duration-ms="1791" status="PASS">
          <reporter-output>
          </reporter-output>
        </test-method> <!-- beforeTest -->
        <test-method signature="checkAboutUs()[pri:0, instance:com.dvops.maven.eclipse.DVOPSTest@3cc1435c]" started-at="2022-12-21T21:46:29 SGT" name="checkAboutUs" finished-at="2022-12-21T21:46:30 SGT" duration-ms="592" status="PASS">
          <reporter-output>
          </reporter-output>
        </test-method> <!-- checkAboutUs -->
        <test-method signature="checkAddReview()[pri:0, instance:com.dvops.maven.eclipse.DVOPSTest@3cc1435c]" started-at="2022-12-21T21:46:30 SGT" name="checkAddReview" finished-at="2022-12-21T21:46:30 SGT" duration-ms="543" status="PASS">
          <reporter-output>
          </reporter-output>
        </test-method> <!-- checkAddReview -->
        <test-method signature="checkSignUp()[pri:0, instance:com.dvops.maven.eclipse.DVOPSTest@3cc1435c]" started-at="2022-12-21T21:46:30 SGT" name="checkSignUp" finished-at="2022-12-21T21:46:31 SGT" duration-ms="452" status="PASS">
          <reporter-output>
          </reporter-output>
        </test-method> <!-- checkSignUp -->
        <test-method is-config="true" signature="afterTest()[pri:0, instance:com.dvops.maven.eclipse.DVOPSTest@3cc1435c]" started-at="2022-12-21T21:46:31 SGT" name="afterTest" finished-at="2022-12-21T21:46:31 SGT" duration-ms="435" status="PASS">
          <reporter-output>
          </reporter-output>
        </test-method> <!-- afterTest -->
      </class> <!-- com.dvops.maven.eclipse.DVOPSTest -->
    </test> <!-- Default test -->
  </suite> <!-- Default suite -->
</testng-results>
